<?xml version="1.0" encoding="utf-8"?>
<?AutomationStudio Version="4.9.2.46"?>
<Objects>
  <Object
    Path="C:\projects\03_Fuellstand_Vorbereitung_PID_Viso\Logical\Package.pkg"
    LogicalPath=""
    Type="Package.ParentUnknown"
    LastWriteTime="132483628200000000" />
  <Object
    Path="C:\projects\03_Fuellstand_Vorbereitung_PID_Viso\Logical\Global.typ"
    LogicalPath="Global.typ"
    Type="File"
    LastWriteTime="132452443800000000"
    Private="false" />
  <Object
    Path="C:\projects\03_Fuellstand_Vorbereitung_PID_Viso\Logical\Global.var"
    LogicalPath="Global.var"
    Type="File"
    LastWriteTime="132452443800000000"
    Private="false" />
  <Object
    Path="C:\projects\03_Fuellstand_Vorbereitung_PID_Viso\Logical\Libraries\Package.pkg"
    LogicalPath="Libraries"
    Type="Package"
    LastWriteTime="132455002680000000" />
  <Object
    Path="C:\projects\03_Fuellstand_Vorbereitung_PID_Viso\Logical\Libraries\operator\binary.lby"
    LogicalPath="Libraries.operator"
    Type="Library"
    LastWriteTime="132452443820000000" />
  <Object
    Path="C:\projects\03_Fuellstand_Vorbereitung_PID_Viso\Logical\Libraries\operator\operator.fun"
    LogicalPath="Libraries.operator.operator.fun"
    Type="File"
    LastWriteTime="132452443800000000"
    Private="false" />
  <Object
    Path="C:\projects\03_Fuellstand_Vorbereitung_PID_Viso\Logical\Libraries\operator\operator.typ"
    LogicalPath="Libraries.operator.operator.typ"
    Type="File"
    LastWriteTime="132452443800000000"
    Private="false" />
  <Object
    Path="C:\projects\03_Fuellstand_Vorbereitung_PID_Viso\Logical\Libraries\operator\operator.var"
    LogicalPath="Libraries.operator.operator.var"
    Type="File"
    LastWriteTime="132452443820000000"
    Private="false" />
  <Object
    Path="C:\projects\03_Fuellstand_Vorbereitung_PID_Viso\Logical\Libraries\runtime\binary.lby"
    LogicalPath="Libraries.runtime"
    Type="Library"
    LastWriteTime="132452443820000000" />
  <Object
    Path="C:\projects\03_Fuellstand_Vorbereitung_PID_Viso\Logical\Libraries\runtime\runtime.fun"
    LogicalPath="Libraries.runtime.runtime.fun"
    Type="File"
    LastWriteTime="132452443820000000"
    Private="false" />
  <Object
    Path="C:\projects\03_Fuellstand_Vorbereitung_PID_Viso\Logical\Libraries\runtime\runtime.typ"
    LogicalPath="Libraries.runtime.runtime.typ"
    Type="File"
    LastWriteTime="132452443820000000"
    Private="false" />
  <Object
    Path="C:\projects\03_Fuellstand_Vorbereitung_PID_Viso\Logical\Libraries\runtime\runtime.var"
    LogicalPath="Libraries.runtime.runtime.var"
    Type="File"
    LastWriteTime="132452443820000000"
    Private="false" />
  <Object
    Path="C:\projects\03_Fuellstand_Vorbereitung_PID_Viso\Logical\Libraries\astime\binary.lby"
    LogicalPath="Libraries.astime"
    Type="Library"
    LastWriteTime="132452443820000000" />
  <Object
    Path="C:\projects\03_Fuellstand_Vorbereitung_PID_Viso\Logical\Libraries\astime\astime.fun"
    LogicalPath="Libraries.astime.astime.fun"
    Type="File"
    LastWriteTime="132452443820000000"
    Private="false" />
  <Object
    Path="C:\projects\03_Fuellstand_Vorbereitung_PID_Viso\Logical\Libraries\astime\astime.typ"
    LogicalPath="Libraries.astime.astime.typ"
    Type="File"
    LastWriteTime="132452443820000000"
    Private="false" />
  <Object
    Path="C:\projects\03_Fuellstand_Vorbereitung_PID_Viso\Logical\Libraries\astime\astime.var"
    LogicalPath="Libraries.astime.astime.var"
    Type="File"
    LastWriteTime="132452443820000000"
    Private="false" />
  <Object
    Path="C:\projects\03_Fuellstand_Vorbereitung_PID_Viso\Logical\Libraries\AsIecCon\binary.lby"
    LogicalPath="Libraries.AsIecCon"
    Type="Library"
    LastWriteTime="132452443820000000" />
  <Object
    Path="C:\projects\03_Fuellstand_Vorbereitung_PID_Viso\Logical\Libraries\AsIecCon\AsIecCon.fun"
    LogicalPath="Libraries.AsIecCon.AsIecCon.fun"
    Type="File"
    LastWriteTime="132452443820000000"
    Private="false" />
  <Object
    Path="C:\projects\03_Fuellstand_Vorbereitung_PID_Viso\Logical\Libraries\AsIecCon\AsIecCon.typ"
    LogicalPath="Libraries.AsIecCon.AsIecCon.typ"
    Type="File"
    LastWriteTime="132452443820000000"
    Private="false" />
  <Object
    Path="C:\projects\03_Fuellstand_Vorbereitung_PID_Viso\Logical\Libraries\AsIecCon\AsIecCon.var"
    LogicalPath="Libraries.AsIecCon.AsIecCon.var"
    Type="File"
    LastWriteTime="132452443820000000"
    Private="false" />
  <Object
    Path="C:\projects\03_Fuellstand_Vorbereitung_PID_Viso\Logical\Libraries\standard\binary.lby"
    LogicalPath="Libraries.standard"
    Type="Library"
    LastWriteTime="132452465300000000" />
  <Object
    Path="C:\projects\03_Fuellstand_Vorbereitung_PID_Viso\Logical\Libraries\standard\standard.fun"
    LogicalPath="Libraries.standard.standard.fun"
    Type="File"
    LastWriteTime="132452465300000000"
    Private="false" />
  <Object
    Path="C:\projects\03_Fuellstand_Vorbereitung_PID_Viso\Logical\Libraries\standard\standard.typ"
    LogicalPath="Libraries.standard.standard.typ"
    Type="File"
    LastWriteTime="132452465300000000"
    Private="false" />
  <Object
    Path="C:\projects\03_Fuellstand_Vorbereitung_PID_Viso\Logical\Libraries\standard\standard.var"
    LogicalPath="Libraries.standard.standard.var"
    Type="File"
    LastWriteTime="132452465300000000"
    Private="false" />
  <Object
    Path="C:\projects\03_Fuellstand_Vorbereitung_PID_Viso\Logical\Libraries\LoopCont\Binary.lby"
    LogicalPath="Libraries.LoopCont"
    Type="Library"
    LastWriteTime="132454999300000000" />
  <Object
    Path="C:\projects\03_Fuellstand_Vorbereitung_PID_Viso\Logical\Libraries\LoopCont\LoopCont.var"
    LogicalPath="Libraries.LoopCont.LoopCont.var"
    Type="File"
    LastWriteTime="132454999300000000"
    Private="false" />
  <Object
    Path="C:\projects\03_Fuellstand_Vorbereitung_PID_Viso\Logical\Libraries\LoopCont\LoopCont.typ"
    LogicalPath="Libraries.LoopCont.LoopCont.typ"
    Type="File"
    LastWriteTime="132454999300000000"
    Private="false" />
  <Object
    Path="C:\projects\03_Fuellstand_Vorbereitung_PID_Viso\Logical\Libraries\LoopCont\LoopCont.fun"
    LogicalPath="Libraries.LoopCont.LoopCont.fun"
    Type="File"
    LastWriteTime="132454999300000000"
    Private="false" />
  <Object
    Path="C:\projects\03_Fuellstand_Vorbereitung_PID_Viso\Logical\Libraries\sys_lib\binary.lby"
    LogicalPath="Libraries.sys_lib"
    Type="Library"
    LastWriteTime="132454999300000000" />
  <Object
    Path="C:\projects\03_Fuellstand_Vorbereitung_PID_Viso\Logical\Libraries\sys_lib\sys_lib.fun"
    LogicalPath="Libraries.sys_lib.sys_lib.fun"
    Type="File"
    LastWriteTime="132454999300000000"
    Private="false" />
  <Object
    Path="C:\projects\03_Fuellstand_Vorbereitung_PID_Viso\Logical\Libraries\sys_lib\sys_lib.typ"
    LogicalPath="Libraries.sys_lib.sys_lib.typ"
    Type="File"
    LastWriteTime="132454999300000000"
    Private="false" />
  <Object
    Path="C:\projects\03_Fuellstand_Vorbereitung_PID_Viso\Logical\Libraries\sys_lib\sys_lib.var"
    LogicalPath="Libraries.sys_lib.sys_lib.var"
    Type="File"
    LastWriteTime="132454999300000000"
    Private="false" />
  <Object
    Path="C:\projects\03_Fuellstand_Vorbereitung_PID_Viso\Logical\Libraries\brsystem\binary.lby"
    LogicalPath="Libraries.brsystem"
    Type="Library"
    LastWriteTime="132454999300000000" />
  <Object
    Path="C:\projects\03_Fuellstand_Vorbereitung_PID_Viso\Logical\Libraries\brsystem\brsystem.fun"
    LogicalPath="Libraries.brsystem.brsystem.fun"
    Type="File"
    LastWriteTime="132454999300000000"
    Private="false" />
  <Object
    Path="C:\projects\03_Fuellstand_Vorbereitung_PID_Viso\Logical\Libraries\brsystem\brsystem.typ"
    LogicalPath="Libraries.brsystem.brsystem.typ"
    Type="File"
    LastWriteTime="132454999300000000"
    Private="false" />
  <Object
    Path="C:\projects\03_Fuellstand_Vorbereitung_PID_Viso\Logical\Libraries\brsystem\brsystem.var"
    LogicalPath="Libraries.brsystem.brsystem.var"
    Type="File"
    LastWriteTime="132454999300000000"
    Private="false" />
  <Object
    Path="C:\projects\03_Fuellstand_Vorbereitung_PID_Viso\Logical\Libraries\MTBasics\binary.lby"
    LogicalPath="Libraries.MTBasics"
    Type="Library"
    LastWriteTime="132455002680000000" />
  <Object
    Path="C:\projects\03_Fuellstand_Vorbereitung_PID_Viso\Logical\Libraries\MTBasics\MTBasics.fun"
    LogicalPath="Libraries.MTBasics.MTBasics.fun"
    Type="File"
    LastWriteTime="132455002680000000"
    Private="false" />
  <Object
    Path="C:\projects\03_Fuellstand_Vorbereitung_PID_Viso\Logical\Libraries\MTBasics\MTBasics.typ"
    LogicalPath="Libraries.MTBasics.MTBasics.typ"
    Type="File"
    LastWriteTime="132455002680000000"
    Private="false" />
  <Object
    Path="C:\projects\03_Fuellstand_Vorbereitung_PID_Viso\Logical\Libraries\MTBasics\MTBasics.var"
    LogicalPath="Libraries.MTBasics.MTBasics.var"
    Type="File"
    LastWriteTime="132455002680000000"
    Private="false" />
  <Object
    Path="C:\projects\03_Fuellstand_Vorbereitung_PID_Viso\Logical\Libraries\MTTypes\binary.lby"
    LogicalPath="Libraries.MTTypes"
    Type="Library"
    LastWriteTime="132455002680000000" />
  <Object
    Path="C:\projects\03_Fuellstand_Vorbereitung_PID_Viso\Logical\Libraries\MTTypes\MTTypes.fun"
    LogicalPath="Libraries.MTTypes.MTTypes.fun"
    Type="File"
    LastWriteTime="132455002680000000"
    Private="false" />
  <Object
    Path="C:\projects\03_Fuellstand_Vorbereitung_PID_Viso\Logical\Libraries\MTTypes\MTTypes.typ"
    LogicalPath="Libraries.MTTypes.MTTypes.typ"
    Type="File"
    LastWriteTime="132455002680000000"
    Private="false" />
  <Object
    Path="C:\projects\03_Fuellstand_Vorbereitung_PID_Viso\Logical\Libraries\MTTypes\MTTypes.var"
    LogicalPath="Libraries.MTTypes.MTTypes.var"
    Type="File"
    LastWriteTime="132455002680000000"
    Private="false" />
  <Object
    Path="C:\projects\03_Fuellstand_Vorbereitung_PID_Viso\Logical\Program\IEC.prg"
    LogicalPath="Program"
    Type="Program"
    LastWriteTime="132452446660000000" />
  <Object
    Path="C:\projects\03_Fuellstand_Vorbereitung_PID_Viso\Logical\Program\Cyclic.st"
    LogicalPath="Program.Cyclic.st"
    Type="File"
    LastWriteTime="132823255998872250"
    Private="false" />
  <Object
    Path="C:\projects\03_Fuellstand_Vorbereitung_PID_Viso\Logical\Program\Init.st"
    LogicalPath="Program.Init.st"
    Type="File"
    LastWriteTime="132821399500000000"
    Private="false" />
  <Object
    Path="C:\projects\03_Fuellstand_Vorbereitung_PID_Viso\Logical\Program\Exit.st"
    LogicalPath="Program.Exit.st"
    Type="File"
    LastWriteTime="132452446660000000"
    Private="false" />
  <Object
    Path="C:\projects\03_Fuellstand_Vorbereitung_PID_Viso\Logical\Program\Types.typ"
    LogicalPath="Program.Types.typ"
    Type="File"
    LastWriteTime="132452446660000000"
    Private="true" />
  <Object
    Path="C:\projects\03_Fuellstand_Vorbereitung_PID_Viso\Logical\Program\Variables.var"
    LogicalPath="Program.Variables.var"
    Type="File"
    LastWriteTime="132821418380000000"
    Private="true" />
  <Object
    Path="C:\projects\03_Fuellstand_Vorbereitung_PID_Viso\Logical\mappView\Package.pkg"
    LogicalPath="mappView"
    Type="Package"
    LastWriteTime="132483628580000000" />
  <Object
    Path="C:\projects\03_Fuellstand_Vorbereitung_PID_Viso\Logical\mappView\Layouts\Package.pkg"
    LogicalPath="mappView.Layouts"
    Type="Package"
    LastWriteTime="132483628200000000" />
  <Object
    Path="C:\projects\03_Fuellstand_Vorbereitung_PID_Viso\Logical\mappView\Widgets\Package.pkg"
    LogicalPath="mappView.Widgets"
    Type="Package"
    LastWriteTime="132483628200000000" />
  <Object
    Path="C:\projects\03_Fuellstand_Vorbereitung_PID_Viso\Logical\mappView\Resources\Package.pkg"
    LogicalPath="mappView.Resources"
    Type="Package"
    LastWriteTime="132483628200000000" />
  <Object
    Path="C:\projects\03_Fuellstand_Vorbereitung_PID_Viso\Logical\mappView\Resources\Texts\Package.pkg"
    LogicalPath="mappView.Resources.Texts"
    Type="Package"
    LastWriteTime="132483628200000000" />
  <Object
    Path="C:\projects\03_Fuellstand_Vorbereitung_PID_Viso\Logical\mappView\Resources\Snippets\Package.pkg"
    LogicalPath="mappView.Resources.Snippets"
    Type="Package"
    LastWriteTime="132483628200000000" />
  <Object
    Path="C:\projects\03_Fuellstand_Vorbereitung_PID_Viso\Logical\mappView\Resources\Themes\Package.pkg"
    LogicalPath="mappView.Resources.Themes"
    Type="Package"
    LastWriteTime="132483628200000000" />
  <Object
    Path="C:\projects\03_Fuellstand_Vorbereitung_PID_Viso\Logical\mappView\Resources\Media\Package.pkg"
    LogicalPath="mappView.Resources.Media"
    Type="Package"
    LastWriteTime="132483628200000000" />
  <Object
    Path="C:\projects\03_Fuellstand_Vorbereitung_PID_Viso\Logical\mappView\Visualization\Package.pkg"
    LogicalPath="mappView.Visualization"
    Type="Package"
    LastWriteTime="132483628580000000" />
  <Object
    Path="C:\projects\03_Fuellstand_Vorbereitung_PID_Viso\Logical\mappView\Visualization\Pages\Package.pkg"
    LogicalPath="mappView.Visualization.Pages"
    Type="Package"
    LastWriteTime="132483633740000000" />
  <Object
    Path="C:\projects\03_Fuellstand_Vorbereitung_PID_Viso\Logical\mappView\Visualization\Pages\AreaContents\Package.pkg"
    LogicalPath="mappView.Visualization.Pages.AreaContents"
    Type="Package"
    LastWriteTime="132483657200000000" />
  <Object
    Path="C:\projects\03_Fuellstand_Vorbereitung_PID_Viso\Logical\mappView\Visualization\Pages\AreaContents\Navi.content"
    LogicalPath="mappView.Visualization.Pages.AreaContents.Navi.content"
    Type="File"
    LastWriteTime="132805139540000000"
    Private="false" />
  <Object
    Path="C:\projects\03_Fuellstand_Vorbereitung_PID_Viso\Logical\mappView\Visualization\Pages\Page1\Package.pkg"
    LogicalPath="mappView.Visualization.Pages.Page1"
    Type="Package"
    LastWriteTime="132483657200000000" />
  <Object
    Path="C:\projects\03_Fuellstand_Vorbereitung_PID_Viso\Logical\mappView\Visualization\Pages\Page1\Page1.page"
    LogicalPath="mappView.Visualization.Pages.Page1.Page1.page"
    Type="File"
    LastWriteTime="132483682680000000"
    Private="false" />
  <Object
    Path="C:\projects\03_Fuellstand_Vorbereitung_PID_Viso\Logical\mappView\Visualization\Pages\Page1\Page1.content"
    LogicalPath="mappView.Visualization.Pages.Page1.Page1.content"
    Type="File"
    LastWriteTime="132821427500000000"
    Private="false" />
  <Object
    Path="C:\projects\03_Fuellstand_Vorbereitung_PID_Viso\Logical\mappView\Visualization\Pages\Page2\Package.pkg"
    LogicalPath="mappView.Visualization.Pages.Page2"
    Type="Package"
    LastWriteTime="132483635260000000" />
  <Object
    Path="C:\projects\03_Fuellstand_Vorbereitung_PID_Viso\Logical\mappView\Visualization\Pages\Page2\Page2.page"
    LogicalPath="mappView.Visualization.Pages.Page2.Page2.page"
    Type="File"
    LastWriteTime="132483682820000000"
    Private="false" />
  <Object
    Path="C:\projects\03_Fuellstand_Vorbereitung_PID_Viso\Logical\mappView\Visualization\Pages\Page2\Page2.content"
    LogicalPath="mappView.Visualization.Pages.Page2.Page2.content"
    Type="File"
    LastWriteTime="132811031380000000"
    Private="false" />
  <Object
    Path="C:\projects\03_Fuellstand_Vorbereitung_PID_Viso\Logical\mappView\Visualization\Variables\Package.pkg"
    LogicalPath="mappView.Visualization.Variables"
    Type="Package"
    LastWriteTime="132483628580000000" />
  <Object
    Path="C:\projects\03_Fuellstand_Vorbereitung_PID_Viso\Logical\mappView\Visualization\Expressions\Package.pkg"
    LogicalPath="mappView.Visualization.Expressions"
    Type="Package"
    LastWriteTime="132483628580000000" />
  <Object
    Path="C:\projects\03_Fuellstand_Vorbereitung_PID_Viso\Logical\mappView\Visualization\Layouts\Package.pkg"
    LogicalPath="mappView.Visualization.Layouts"
    Type="Package"
    LastWriteTime="132483629700000000" />
  <Object
    Path="C:\projects\03_Fuellstand_Vorbereitung_PID_Viso\Logical\mappView\Visualization\Layouts\Layout.layout"
    LogicalPath="mappView.Visualization.Layouts.Layout.layout"
    Type="File"
    LastWriteTime="132483632280000000"
    Private="false" />
  <Object
    Path="C:\projects\03_Fuellstand_Vorbereitung_PID_Viso\Logical\mappView\Visualization\Dialogs\Package.pkg"
    LogicalPath="mappView.Visualization.Dialogs"
    Type="Package"
    LastWriteTime="132483628580000000" />
  <Object
    Path="C:\projects\03_Fuellstand_Vorbereitung_PID_Viso\Logical\mappView\Visualization\Dialogs\AreaContents\Package.pkg"
    LogicalPath="mappView.Visualization.Dialogs.AreaContents"
    Type="Package"
    LastWriteTime="132483628580000000" />
  <Object
    Path="C:\projects\03_Fuellstand_Vorbereitung_PID_Viso\Logical\mappView\Visualization\Resources\Package.pkg"
    LogicalPath="mappView.Visualization.Resources"
    Type="Package"
    LastWriteTime="132483628580000000" />
  <Object
    Path="C:\projects\03_Fuellstand_Vorbereitung_PID_Viso\Logical\mappView\Visualization\Resources\Texts\Package.pkg"
    LogicalPath="mappView.Visualization.Resources.Texts"
    Type="Package"
    LastWriteTime="132483628580000000" />
  <Object
    Path="C:\projects\03_Fuellstand_Vorbereitung_PID_Viso\Logical\mappView\Visualization\Resources\Snippets\Package.pkg"
    LogicalPath="mappView.Visualization.Resources.Snippets"
    Type="Package"
    LastWriteTime="132483628580000000" />
  <Object
    Path="C:\projects\03_Fuellstand_Vorbereitung_PID_Viso\Physical\X20cp1584\Config.pkg"
    LogicalPath="X20cp1584"
    Type="Configuration.ParentUnknown"
    LastWriteTime="132452443860000000" />
  <Object
    Path="C:\projects\03_Fuellstand_Vorbereitung_PID_Viso\Physical\X20cp1584\Hardware.hw"
    LogicalPath="X20cp1584.Hardware.hw"
    Type="File"
    LastWriteTime="132823250693861029"
    Private="false" />
  <Object
    Path="C:\projects\03_Fuellstand_Vorbereitung_PID_Viso\Physical\X20cp1584\Hardware.hwl"
    LogicalPath="X20cp1584.Hardware.hwl"
    Type="File"
    LastWriteTime="132452445620000000"
    Private="false" />
  <Object
    Path="C:\projects\03_Fuellstand_Vorbereitung_PID_Viso\Physical\X20cp1584\X20CP1584\Cpu.pkg"
    LogicalPath="X20cp1584.X20CP1584"
    Type="Cpu"
    LastWriteTime="132823250562652950" />
  <Object
    Path="C:\projects\03_Fuellstand_Vorbereitung_PID_Viso\Physical\X20cp1584\X20CP1584\Cpu.sw"
    LogicalPath="X20cp1584.X20CP1584.Cpu.sw"
    Type="File"
    LastWriteTime="132821425240000000"
    Private="false" />
  <Object
    Path="C:\projects\03_Fuellstand_Vorbereitung_PID_Viso\Physical\X20cp1584\X20CP1584\Cpu.per"
    LogicalPath="X20cp1584.X20CP1584.Cpu.per"
    Type="File"
    LastWriteTime="132452443820000000"
    Private="false" />
  <Object
    Path="C:\projects\03_Fuellstand_Vorbereitung_PID_Viso\Physical\X20cp1584\X20CP1584\IoMap.iom"
    LogicalPath="X20cp1584.X20CP1584.IoMap.iom"
    Type="File"
    LastWriteTime="132454984060000000"
    Private="false" />
  <Object
    Path="C:\projects\03_Fuellstand_Vorbereitung_PID_Viso\Physical\X20cp1584\X20CP1584\PvMap.vvm"
    LogicalPath="X20cp1584.X20CP1584.PvMap.vvm"
    Type="File"
    LastWriteTime="132452443820000000"
    Private="false" />
  <Object
    Path="C:\projects\03_Fuellstand_Vorbereitung_PID_Viso\Physical\X20cp1584\X20CP1584\Connectivity\Package.pkg"
    LogicalPath="X20cp1584.X20CP1584.Connectivity"
    Type="Package"
    LastWriteTime="132452443820000000" />
  <Object
    Path="C:\projects\03_Fuellstand_Vorbereitung_PID_Viso\Physical\X20cp1584\X20CP1584\Connectivity\OpcUA\Package.pkg"
    LogicalPath="X20cp1584.X20CP1584.Connectivity.OpcUA"
    Type="Package"
    LastWriteTime="132483670200000000" />
  <Object
    Path="C:\projects\03_Fuellstand_Vorbereitung_PID_Viso\Physical\X20cp1584\X20CP1584\Connectivity\OpcUA\OpcUaMap.uad"
    LogicalPath="X20cp1584.X20CP1584.Connectivity.OpcUA.OpcUaMap.uad"
    Type="File"
    LastWriteTime="132821427000000000"
    Private="false" />
  <Object
    Path="C:\projects\03_Fuellstand_Vorbereitung_PID_Viso\Physical\X20cp1584\X20CP1584\TextSystem\Package.pkg"
    LogicalPath="X20cp1584.X20CP1584.TextSystem"
    Type="Package"
    LastWriteTime="132452443820000000" />
  <Object
    Path="C:\projects\03_Fuellstand_Vorbereitung_PID_Viso\Physical\X20cp1584\X20CP1584\UnitSystem\Package.pkg"
    LogicalPath="X20cp1584.X20CP1584.UnitSystem"
    Type="Package"
    LastWriteTime="132452443820000000" />
  <Object
    Path="C:\projects\03_Fuellstand_Vorbereitung_PID_Viso\Physical\X20cp1584\X20CP1584\AccessAndSecurity\Package.pkg"
    LogicalPath="X20cp1584.X20CP1584.AccessAndSecurity"
    Type="Package"
    LastWriteTime="132452443820000000" />
  <Object
    Path="C:\projects\03_Fuellstand_Vorbereitung_PID_Viso\Physical\X20cp1584\X20CP1584\AccessAndSecurity\UserRoleSystem\Package.pkg"
    LogicalPath="X20cp1584.X20CP1584.AccessAndSecurity.UserRoleSystem"
    Type="Package"
    LastWriteTime="132452443820000000" />
  <Object
    Path="C:\projects\03_Fuellstand_Vorbereitung_PID_Viso\Physical\X20cp1584\X20CP1584\AccessAndSecurity\UserRoleSystem\Role.role"
    LogicalPath="X20cp1584.X20CP1584.AccessAndSecurity.UserRoleSystem.Role.role"
    Type="File"
    LastWriteTime="132452443820000000"
    Private="false" />
  <Object
    Path="C:\projects\03_Fuellstand_Vorbereitung_PID_Viso\Physical\X20cp1584\X20CP1584\AccessAndSecurity\UserRoleSystem\User.user"
    LogicalPath="X20cp1584.X20CP1584.AccessAndSecurity.UserRoleSystem.User.user"
    Type="File"
    LastWriteTime="132452443820000000"
    Private="false" />
  <Object
    Path="C:\projects\03_Fuellstand_Vorbereitung_PID_Viso\Physical\X20cp1584\X20CP1584\AccessAndSecurity\CertificateStore\Package.pkg"
    LogicalPath="X20cp1584.X20CP1584.AccessAndSecurity.CertificateStore"
    Type="Package"
    LastWriteTime="132452443820000000" />
  <Object
    Path="C:\projects\03_Fuellstand_Vorbereitung_PID_Viso\Physical\X20cp1584\X20CP1584\AccessAndSecurity\CertificateStore\OwnCertificates\Package.pkg"
    LogicalPath="X20cp1584.X20CP1584.AccessAndSecurity.CertificateStore.OwnCertificates"
    Type="Package"
    LastWriteTime="132452443820000000" />
  <Object
    Path="C:\projects\03_Fuellstand_Vorbereitung_PID_Viso\Physical\X20cp1584\X20CP1584\AccessAndSecurity\CertificateStore\OwnCertificates\Certificates\Package.pkg"
    LogicalPath="X20cp1584.X20CP1584.AccessAndSecurity.CertificateStore.OwnCertificates.Certificates"
    Type="Package"
    LastWriteTime="132452443820000000" />
  <Object
    Path="C:\projects\03_Fuellstand_Vorbereitung_PID_Viso\Physical\X20cp1584\X20CP1584\AccessAndSecurity\CertificateStore\OwnCertificates\PrivateKeys\Package.pkg"
    LogicalPath="X20cp1584.X20CP1584.AccessAndSecurity.CertificateStore.OwnCertificates.PrivateKeys"
    Type="Package"
    LastWriteTime="132452443820000000" />
  <Object
    Path="C:\projects\03_Fuellstand_Vorbereitung_PID_Viso\Physical\X20cp1584\X20CP1584\AccessAndSecurity\CertificateStore\ThirdPartyCertificates\Package.pkg"
    LogicalPath="X20cp1584.X20CP1584.AccessAndSecurity.CertificateStore.ThirdPartyCertificates"
    Type="Package"
    LastWriteTime="132452443820000000" />
  <Object
    Path="C:\projects\03_Fuellstand_Vorbereitung_PID_Viso\Physical\X20cp1584\X20CP1584\AccessAndSecurity\CertificateStore\ThirdPartyCertificates\SoftwareCertificates\Package.pkg"
    LogicalPath="X20cp1584.X20CP1584.AccessAndSecurity.CertificateStore.ThirdPartyCertificates.SoftwareCertificates"
    Type="Package"
    LastWriteTime="132452443820000000" />
  <Object
    Path="C:\projects\03_Fuellstand_Vorbereitung_PID_Viso\Physical\X20cp1584\X20CP1584\AccessAndSecurity\CertificateStore\CertificateRevocationLists\Package.pkg"
    LogicalPath="X20cp1584.X20CP1584.AccessAndSecurity.CertificateStore.CertificateRevocationLists"
    Type="Package"
    LastWriteTime="132452443820000000" />
  <Object
    Path="C:\projects\03_Fuellstand_Vorbereitung_PID_Viso\Physical\X20cp1584\X20CP1584\AccessAndSecurity\CertificateStore\CertificateSigningRequests\Package.pkg"
    LogicalPath="X20cp1584.X20CP1584.AccessAndSecurity.CertificateStore.CertificateSigningRequests"
    Type="Package"
    LastWriteTime="132452443820000000" />
  <Object
    Path="C:\projects\03_Fuellstand_Vorbereitung_PID_Viso\Physical\X20cp1584\X20CP1584\AccessAndSecurity\TransportLayerSecurity\Package.pkg"
    LogicalPath="X20cp1584.X20CP1584.AccessAndSecurity.TransportLayerSecurity"
    Type="Package"
    LastWriteTime="132452443820000000" />
  <Object
    Path="C:\projects\03_Fuellstand_Vorbereitung_PID_Viso\Physical\X20cp1584\X20CP1584\AccessAndSecurity\Firewall\Package.pkg"
    LogicalPath="X20cp1584.X20CP1584.AccessAndSecurity.Firewall"
    Type="Package"
    LastWriteTime="132452443820000000" />
  <Object
    Path="C:\projects\03_Fuellstand_Vorbereitung_PID_Viso\Physical\X20cp1584\X20CP1584\AccessAndSecurity\Firewall\Rules.firewallRules"
    LogicalPath="X20cp1584.X20CP1584.AccessAndSecurity.Firewall.Rules.firewallRules"
    Type="File"
    LastWriteTime="132452443820000000"
    Private="false" />
  <Object
    Path="C:\projects\03_Fuellstand_Vorbereitung_PID_Viso\Physical\X20cp1584\X20CP1584\mappControl\Package.pkg"
    LogicalPath="X20cp1584.X20CP1584.mappControl"
    Type="Package"
    LastWriteTime="132452443820000000" />
  <Object
    Path="C:\projects\03_Fuellstand_Vorbereitung_PID_Viso\Physical\X20cp1584\X20CP1584\mappMotion\Package.pkg"
    LogicalPath="X20cp1584.X20CP1584.mappMotion"
    Type="Package"
    LastWriteTime="132452443820000000" />
  <Object
    Path="C:\projects\03_Fuellstand_Vorbereitung_PID_Viso\Physical\X20cp1584\X20CP1584\mappServices\Package.pkg"
    LogicalPath="X20cp1584.X20CP1584.mappServices"
    Type="Package"
    LastWriteTime="132452443820000000" />
  <Object
    Path="C:\projects\03_Fuellstand_Vorbereitung_PID_Viso\Physical\X20cp1584\X20CP1584\mappView\Package.pkg"
    LogicalPath="X20cp1584.X20CP1584.mappView"
    Type="Package"
    LastWriteTime="132811006780000000" />
  <Object
    Path="C:\projects\03_Fuellstand_Vorbereitung_PID_Viso\Physical\X20cp1584\X20CP1584\mappView\Config.mappviewcfg"
    LogicalPath="X20cp1584.X20CP1584.mappView.Config.mappviewcfg"
    Type="File"
    LastWriteTime="132786804960000000"
    Private="false" />
  <Object
    Path="C:\projects\03_Fuellstand_Vorbereitung_PID_Viso\Physical\X20cp1584\X20CP1584\mappView\Visualizat.vis"
    LogicalPath="X20cp1584.X20CP1584.mappView.Visualizat.vis"
    Type="File"
    LastWriteTime="132483682200000000"
    Private="false" />
  <Object
    Path="C:\projects\03_Fuellstand_Vorbereitung_PID_Viso\Physical\X20cp1584\X20CP1584\mappView\Binding.binding"
    LogicalPath="X20cp1584.X20CP1584.mappView.Binding.binding"
    Type="File"
    LastWriteTime="132821427500000000"
    Private="false" />
  <Object
    Path="C:\projects\03_Fuellstand_Vorbereitung_PID_Viso\Physical\X20cp1584\X20CP1584\mappView\Page2Content.binding"
    LogicalPath="X20cp1584.X20CP1584.mappView.Page2Content.binding"
    Type="File"
    LastWriteTime="132811006780000000"
    Private="false" />
  <Object
    Path="C:\projects\03_Fuellstand_Vorbereitung_PID_Viso\Physical\X20cp1584\X20CP1584\mappCockpit\Package.pkg"
    LogicalPath="X20cp1584.X20CP1584.mappCockpit"
    Type="Package"
    LastWriteTime="132452443820000000" />
  <Object
    Path="C:\projects\03_Fuellstand_Vorbereitung_PID_Viso\Physical\X20cp1584\Hardware.jpg"
    LogicalPath="X20cp1584.Hardware.jpg"
    Type="File"
    LastWriteTime="132452464040000000"
    Private="false" />
</Objects>